/home/runner/work/email-client/email-client/output/effective.xml:1:248: error: element "Module" not allowed anywhere; expected element "PP"
/home/runner/work/email-client/email-client/output/effective.xml:5:18: error: element "PPVersion" not allowed yet; missing required element "PPTitle"
/home/runner/work/email-client/email-client/output/effective.xml:10:17: error: element "PPVersion" not allowed yet; missing required element "PPTitle"
/home/runner/work/email-client/email-client/output/effective.xml:17:21: error: element "PPVersion" not allowed yet; missing required element "PPTitle"
/home/runner/work/email-client/email-client/output/effective.xml:19:58: error: element "PPVersion" not allowed yet; missing required element "PPTitle"
/home/runner/work/email-client/email-client/output/effective.xml:21:20: error: element "PPVersion" not allowed yet; missing required element "PPTitle"
/home/runner/work/email-client/email-client/output/effective.xml:183:22: error: element "PPVersion" not allowed yet; missing required element "PPTitle"
/home/runner/work/email-client/email-client/output/effective.xml:216:30: error: element "PPVersion" not allowed yet; missing required element "PPTitle"
/home/runner/work/email-client/email-client/output/effective.xml:236:25: error: element "consistency-rationale" not allowed here; expected element "objective-refer"
/home/runner/work/email-client/email-client/output/effective.xml:254:29: error: element "from" not allowed anywhere; expected element "description"
/home/runner/work/email-client/email-client/output/effective.xml:255:56: error: element "objective-refer" not allowed yet; missing required element "description"
/home/runner/work/email-client/email-client/output/effective.xml:268:29: error: element "from" not allowed anywhere; expected element "description"
/home/runner/work/email-client/email-client/output/effective.xml:269:56: error: element "objective-refer" not allowed yet; missing required element "description"
/home/runner/work/email-client/email-client/output/effective.xml:285:29: error: element "from" not allowed anywhere; expected element "description"
/home/runner/work/email-client/email-client/output/effective.xml:286:58: error: element "objective-refer" not allowed yet; missing required element "description"
/home/runner/work/email-client/email-client/output/effective.xml:305:39: error: element "objective-refer" not allowed yet; missing required element "description"
/home/runner/work/email-client/email-client/output/effective.xml:315:30: error: element "consistency-rationale" not allowed here; expected element "addressed-by"
/home/runner/work/email-client/email-client/output/effective.xml:326:30: error: element "consistency-rationale" not allowed here; expected element "addressed-by"
/home/runner/work/email-client/email-client/output/effective.xml:344:30: error: element "consistency-rationale" not allowed here; expected element "addressed-by"
/home/runner/work/email-client/email-client/output/effective.xml:362:30: error: element "consistency-rationale" not allowed here; expected element "addressed-by"
/home/runner/work/email-client/email-client/output/effective.xml:392:27: error: element "consistency-rationale" not allowed here; expected element "addressed-by"
/home/runner/work/email-client/email-client/output/effective.xml:395:27: error: element "base-pp" not allowed anywhere; expected text, element "_", "assignable", "choice", "comment", "ctr", "depends", "description", "endnote", "equation", "external-doc", "figure", "if-opt-app", "no-link", "provides", "refinement", "requires", "rule", "section", "selectables", "snip", "testlist" or "xref" or an element from another namespace
/home/runner/work/email-client/email-client/output/effective.xml:399:15: error: element "base-pp" not allowed anywhere; expected text, element "_", "assignable", "choice", "comment", "ctr", "depends", "description", "endnote", "equation", "external-doc", "figure", "if-opt-app", "no-link", "provides", "refinement", "requires", "rule", "section", "selectables", "snip", "testlist" or "xref" or an element from another namespace
/home/runner/work/email-client/email-client/output/effective.xml:400:83: error: element "base-pp" not allowed anywhere; expected text, element "_", "assignable", "choice", "comment", "ctr", "depends", "description", "endnote", "equation", "external-doc", "figure", "if-opt-app", "no-link", "provides", "refinement", "requires", "rule", "section", "selectables", "snip", "testlist" or "xref" or an element from another namespace
/home/runner/work/email-client/email-client/output/effective.xml:442:23: error: element "base-pp" not allowed anywhere; expected text, element "_", "assignable", "choice", "comment", "ctr", "depends", "description", "endnote", "equation", "external-doc", "figure", "if-opt-app", "no-link", "provides", "refinement", "requires", "rule", "section", "selectables", "snip", "testlist" or "xref" or an element from another namespace
/home/runner/work/email-client/email-client/output/effective.xml:470:23: error: element "base-pp" not allowed anywhere; expected text, element "_", "assignable", "choice", "comment", "ctr", "depends", "description", "endnote", "equation", "external-doc", "figure", "if-opt-app", "no-link", "provides", "refinement", "requires", "rule", "section", "selectables", "snip", "testlist" or "xref" or an element from another namespace
/home/runner/work/email-client/email-client/output/effective.xml:496:23: error: element "base-pp" not allowed anywhere; expected text, element "_", "assignable", "choice", "comment", "ctr", "depends", "description", "endnote", "equation", "external-doc", "figure", "if-opt-app", "no-link", "provides", "refinement", "requires", "rule", "section", "selectables", "snip", "testlist" or "xref" or an element from another namespace
/home/runner/work/email-client/email-client/output/effective.xml:505:16: error: element "base-pp" not allowed anywhere; expected text, element "_", "assignable", "choice", "comment", "ctr", "depends", "description", "endnote", "equation", "external-doc", "figure", "if-opt-app", "no-link", "provides", "refinement", "requires", "rule", "section", "selectables", "snip", "testlist" or "xref" or an element from another namespace
/home/runner/work/email-client/email-client/output/effective.xml:505:23: error: element "base-pp" not allowed anywhere; expected text, element "_", "assignable", "choice", "comment", "ctr", "depends", "description", "endnote", "equation", "external-doc", "figure", "if-opt-app", "no-link", "provides", "refinement", "requires", "rule", "section", "selectables", "snip", "testlist" or "xref" or an element from another namespace
/home/runner/work/email-client/email-client/output/effective.xml:516:16: error: element "base-pp" not allowed anywhere; expected text, element "_", "assignable", "choice", "comment", "ctr", "depends", "description", "endnote", "equation", "external-doc", "figure", "if-opt-app", "no-link", "provides", "refinement", "requires", "rule", "section", "selectables", "snip", "testlist" or "xref" or an element from another namespace
/home/runner/work/email-client/email-client/output/effective.xml:516:23: error: element "base-pp" not allowed anywhere; expected text, element "_", "assignable", "choice", "comment", "ctr", "depends", "description", "endnote", "equation", "external-doc", "figure", "if-opt-app", "no-link", "provides", "refinement", "requires", "rule", "section", "selectables", "snip", "testlist" or "xref" or an element from another namespace
/home/runner/work/email-client/email-client/output/effective.xml:525:16: error: element "base-pp" not allowed anywhere; expected text, element "_", "assignable", "choice", "comment", "ctr", "depends", "description", "endnote", "equation", "external-doc", "figure", "if-opt-app", "no-link", "provides", "refinement", "requires", "rule", "section", "selectables", "snip", "testlist" or "xref" or an element from another namespace
/home/runner/work/email-client/email-client/output/effective.xml:525:23: error: element "base-pp" not allowed anywhere; expected text, element "_", "assignable", "choice", "comment", "ctr", "depends", "description", "endnote", "equation", "external-doc", "figure", "if-opt-app", "no-link", "provides", "refinement", "requires", "rule", "section", "selectables", "snip", "testlist" or "xref" or an element from another namespace
/home/runner/work/email-client/email-client/output/effective.xml:536:17: error: element "man-sfrs" not allowed anywhere; expected text, element "_", "assignable", "choice", "comment", "ctr", "depends", "description", "endnote", "equation", "external-doc", "figure", "if-opt-app", "no-link", "provides", "refinement", "requires", "rule", "section", "selectables", "snip", "testlist" or "xref" or an element from another namespace
/home/runner/work/email-client/email-client/output/effective.xml:933:16: error: element "man-sfrs" not allowed anywhere; expected text, element "_", "assignable", "choice", "comment", "ctr", "depends", "description", "endnote", "equation", "external-doc", "figure", "if-opt-app", "no-link", "provides", "refinement", "requires", "rule", "section", "selectables", "snip", "testlist" or "xref" or an element from another namespace
/home/runner/work/email-client/email-client/output/effective.xml:1020:16: error: element "man-sfrs" not allowed anywhere; expected text, element "_", "assignable", "choice", "comment", "ctr", "depends", "description", "endnote", "equation", "external-doc", "figure", "if-opt-app", "no-link", "provides", "refinement", "requires", "rule", "section", "selectables", "snip", "testlist" or "xref" or an element from another namespace
/home/runner/work/email-client/email-client/output/effective.xml:1082:16: error: element "man-sfrs" not allowed anywhere; expected text, element "_", "assignable", "choice", "comment", "ctr", "depends", "description", "endnote", "equation", "external-doc", "figure", "if-opt-app", "no-link", "provides", "refinement", "requires", "rule", "section", "selectables", "snip", "testlist" or "xref" or an element from another namespace
/home/runner/work/email-client/email-client/output/effective.xml:1225:16: error: element "man-sfrs" not allowed anywhere; expected text, element "_", "assignable", "choice", "comment", "ctr", "depends", "description", "endnote", "equation", "external-doc", "figure", "if-opt-app", "no-link", "provides", "refinement", "requires", "rule", "section", "selectables", "snip", "testlist" or "xref" or an element from another namespace
/home/runner/work/email-client/email-client/output/effective.xml:1269:16: error: element "man-sfrs" not allowed anywhere; expected text, element "_", "assignable", "choice", "comment", "ctr", "depends", "description", "endnote", "equation", "external-doc", "figure", "if-opt-app", "no-link", "provides", "refinement", "requires", "rule", "section", "selectables", "snip", "testlist" or "xref" or an element from another namespace
/home/runner/work/email-client/email-client/output/effective.xml:1336:16: error: element "man-sfrs" not allowed anywhere; expected text, element "_", "assignable", "choice", "comment", "ctr", "depends", "description", "endnote", "equation", "external-doc", "figure", "if-opt-app", "no-link", "provides", "refinement", "requires", "rule", "section", "selectables", "snip", "testlist" or "xref" or an element from another namespace
/home/runner/work/email-client/email-client/output/effective.xml:1342:15: error: element "opt-sfrs" not allowed anywhere; expected text, element "_", "assignable", "choice", "comment", "ctr", "depends", "description", "endnote", "equation", "external-doc", "figure", "if-opt-app", "no-link", "provides", "refinement", "requires", "rule", "section", "selectables", "snip", "testlist" or "xref" or an element from another namespace
/home/runner/work/email-client/email-client/output/effective.xml:1479:21: error: element "opt-sfrs" not allowed anywhere; expected text, element "_", "assignable", "choice", "comment", "ctr", "depends", "description", "endnote", "equation", "external-doc", "figure", "if-opt-app", "no-link", "provides", "refinement", "requires", "rule", "section", "selectables", "snip", "testlist" or "xref" or an element from another namespace
/home/runner/work/email-client/email-client/output/effective.xml:1630:21: error: element "opt-sfrs" not allowed anywhere; expected text, element "_", "assignable", "choice", "comment", "ctr", "depends", "description", "endnote", "equation", "external-doc", "figure", "if-opt-app", "no-link", "provides", "refinement", "requires", "rule", "section", "selectables", "snip", "testlist" or "xref" or an element from another namespace
/home/runner/work/email-client/email-client/output/effective.xml:1636:15: error: element "sel-sfrs" not allowed anywhere; expected text, element "_", "assignable", "choice", "comment", "ctr", "depends", "description", "endnote", "equation", "external-doc", "figure", "if-opt-app", "no-link", "provides", "refinement", "requires", "rule", "section", "selectables", "snip", "testlist" or "xref" or an element from another namespace
/home/runner/work/email-client/email-client/output/effective.xml:1643:40: error: element "depends" not allowed here; expected the element end-tag or element "audit", "audit-event", "comp-lev", "consistency-rationale", "dependencies", "description", "exportable", "f-element", "importable", "management" or "note"
/home/runner/work/email-client/email-client/output/effective.xml:1772:40: error: element "depends" not allowed here; expected the element end-tag or element "audit", "audit-event", "comp-lev", "consistency-rationale", "dependencies", "description", "exportable", "f-element", "importable", "management" or "note"
/home/runner/work/email-client/email-client/output/effective.xml:1773:40: error: element "depends" not allowed here; expected the element end-tag or element "audit", "audit-event", "comp-lev", "consistency-rationale", "dependencies", "description", "exportable", "f-element", "importable", "management" or "note"
/home/runner/work/email-client/email-client/output/effective.xml:1774:40: error: element "depends" not allowed here; expected the element end-tag or element "audit", "audit-event", "comp-lev", "consistency-rationale", "dependencies", "description", "exportable", "f-element", "importable", "management" or "note"
/home/runner/work/email-client/email-client/output/effective.xml:1775:39: error: element "depends" not allowed here; expected the element end-tag or element "audit", "audit-event", "comp-lev", "consistency-rationale", "dependencies", "description", "exportable", "f-element", "importable", "management" or "note"
/home/runner/work/email-client/email-client/output/effective.xml:1856:40: error: element "depends" not allowed here; expected the element end-tag or element "audit", "audit-event", "comp-lev", "consistency-rationale", "dependencies", "description", "exportable", "f-element", "importable", "management" or "note"
/home/runner/work/email-client/email-client/output/effective.xml:1857:40: error: element "depends" not allowed here; expected the element end-tag or element "audit", "audit-event", "comp-lev", "consistency-rationale", "dependencies", "description", "exportable", "f-element", "importable", "management" or "note"
/home/runner/work/email-client/email-client/output/effective.xml:1899:21: error: element "depends" not allowed here; expected the element end-tag or element "audit", "audit-event", "comp-lev", "consistency-rationale", "dependencies", "description", "exportable", "f-element", "importable", "management" or "note"
/home/runner/work/email-client/email-client/output/effective.xml:1909:33: error: element "depends" not allowed here; expected the element end-tag or element "audit", "audit-event", "comp-lev", "consistency-rationale", "dependencies", "description", "exportable", "f-element", "importable", "management" or "note"
/home/runner/work/email-client/email-client/output/effective.xml:1910:33: error: element "depends" not allowed here; expected the element end-tag or element "audit", "audit-event", "comp-lev", "consistency-rationale", "dependencies", "description", "exportable", "f-element", "importable", "management" or "note"
/home/runner/work/email-client/email-client/output/effective.xml:1911:32: error: element "depends" not allowed here; expected the element end-tag or element "audit", "audit-event", "comp-lev", "consistency-rationale", "dependencies", "description", "exportable", "f-element", "importable", "management" or "note"
/home/runner/work/email-client/email-client/output/effective.xml:1973:21: error: element "depends" not allowed here; expected the element end-tag or element "audit", "audit-event", "comp-lev", "consistency-rationale", "dependencies", "description", "exportable", "f-element", "importable", "management" or "note"
/home/runner/work/email-client/email-client/output/effective.xml:1978:41: error: element "depends" not allowed here; expected the element end-tag or element "audit", "audit-event", "comp-lev", "consistency-rationale", "dependencies", "description", "exportable", "f-element", "importable", "management" or "note"
/home/runner/work/email-client/email-client/output/effective.xml:2030:21: error: element "depends" not allowed here; expected the element end-tag or element "audit", "audit-event", "comp-lev", "consistency-rationale", "dependencies", "description", "exportable", "f-element", "importable", "management" or "note"
/home/runner/work/email-client/email-client/output/effective.xml:2033:16: error: element "obj-sfrs" not allowed anywhere; expected text, element "_", "assignable", "choice", "comment", "ctr", "depends", "description", "endnote", "equation", "external-doc", "figure", "if-opt-app", "no-link", "provides", "refinement", "requires", "rule", "section", "selectables", "snip", "testlist" or "xref" or an element from another namespace
/home/runner/work/email-client/email-client/output/effective.xml:2034:21: error: element "impl-dep-sfrs" not allowed anywhere; expected text, element "_", "assignable", "choice", "comment", "ctr", "depends", "description", "endnote", "equation", "external-doc", "figure", "if-opt-app", "no-link", "provides", "refinement", "requires", "rule", "section", "selectables", "snip", "testlist" or "xref" or an element from another namespace
/home/runner/work/email-client/email-client/output/effective.xml:2035:31: error: element "sec:Security_Requirements" incomplete; expected text, element "_", "assignable", "choice", "comment", "ctr", "depends", "description", "endnote", "equation", "external-doc", "figure", "if-opt-app", "no-link", "provides", "refinement", "requires", "rule", "section", "selectables", "snip", "testlist" or "xref" or an element from another namespace
/home/runner/work/email-client/email-client/output/effective.xml:2056:14: error: element "sec:Security_Requirements" incomplete; expected text, element "_", "assignable", "choice", "comment", "ctr", "depends", "description", "endnote", "equation", "external-doc", "figure", "if-opt-app", "no-link", "provides", "refinement", "requires", "rule", "section", "selectables", "snip", "testlist" or "xref" or an element from another namespace
/home/runner/work/email-client/email-client/output/effective.xml:2061:14: error: element "sec:Security_Requirements" incomplete; expected text, element "_", "assignable", "choice", "comment", "ctr", "depends", "description", "endnote", "equation", "external-doc", "figure", "if-opt-app", "no-link", "provides", "refinement", "requires", "rule", "section", "selectables", "snip", "testlist" or "xref" or an element from another namespace
/home/runner/work/email-client/email-client/output/effective.xml:2091:18: error: element "sec:Security_Requirements" incomplete; expected text, element "_", "assignable", "choice", "comment", "ctr", "depends", "description", "endnote", "equation", "external-doc", "figure", "if-opt-app", "no-link", "provides", "refinement", "requires", "rule", "section", "selectables", "snip", "testlist" or "xref" or an element from another namespace
